# JRE version: Java(TM) SE Runtime Environment (8.0_66-b18) (build 1.8.0_66-b18)
# Java VM: Java HotSpot(TM) 64-Bit Server VM (25.66-b18 mixed mode windows-amd64 compressed oops)
Heap:
 PSYoungGen      total 53248K, used 12900K [0x00000007bc400000, 0x00000007c0000000, 0x00000007c0000000)
  eden space 45568K, 24% used [0x00000007bc400000,0x00000007bcec98c0,0x00000007bf080000)
  from space 7680K, 24% used [0x00000007bf880000,0x00000007bfa4f830,0x00000007c0000000)
  to   space 7680K, 0% used [0x00000007bf080000,0x00000007bf080000,0x00000007bf800000)
 ParOldGen       total 359936K, used 192555K [0x0000000700000000, 0x0000000715f80000, 0x00000007bc400000)
  object space 359936K, 53% used [0x0000000700000000,0x000000070bc0af58,0x0000000715f80000)
 Metaspace       used 78577K, capacity 79056K, committed 79616K, reserved 1118208K
  class space    used 11329K, capacity 11434K, committed 11520K, reserved 1048576K
GC Heap History (10 events):
Event: 98494.577 GC heap before
{Heap before GC invocations=1117 (full 45):
 PSYoungGen      total 53248K, used 49408K [0x00000007bc400000, 0x00000007c0000000, 0x00000007c0000000)
  eden space 45568K, 100% used [0x00000007bc400000,0x00000007bf080000,0x00000007bf080000)
  from space 7680K, 50% used [0x00000007bf080000,0x00000007bf440150,0x00000007bf800000)
  to   space 7680K, 0% used [0x00000007bf880000,0x00000007bf880000,0x00000007c0000000)
 ParOldGen       total 359936K, used 190227K [0x0000000700000000, 0x0000000715f80000, 0x00000007bc400000)
  object space 359936K, 52% used [0x0000000700000000,0x000000070b9c4cd0,0x0000000715f80000)
 Metaspace       used 78562K, capacity 78992K, committed 79616K, reserved 1118208K
  class space    used 11327K, capacity 11434K, committed 11520K, reserved 1048576K
Event: 98494.588 GC heap after
Heap after GC invocations=1117 (full 45):
 PSYoungGen      total 53248K, used 1975K [0x00000007bc400000, 0x00000007c0000000, 0x00000007c0000000)
  eden space 45568K, 0% used [0x00000007bc400000,0x00000007bc400000,0x00000007bf080000)
  from space 7680K, 25% used [0x00000007bf880000,0x00000007bfa6dec0,0x00000007c0000000)
  to   space 7680K, 0% used [0x00000007bf080000,0x00000007bf080000,0x00000007bf800000)
 ParOldGen       total 359936K, used 192003K [0x0000000700000000, 0x0000000715f80000, 0x00000007bc400000)
  object space 359936K, 53% used [0x0000000700000000,0x000000070bb80e50,0x0000000715f80000)
 Metaspace       used 78562K, capacity 78992K, committed 79616K, reserved 1118208K
  class space    used 11327K, capacity 11434K, committed 11520K, reserved 1048576K
}
Event: 98495.521 GC heap before
{Heap before GC invocations=1118 (full 45):
 PSYoungGen      total 53248K, used 47543K [0x00000007bc400000, 0x00000007c0000000, 0x00000007c0000000)
  eden space 45568K, 100% used [0x00000007bc400000,0x00000007bf080000,0x00000007bf080000)
  from space 7680K, 25% used [0x00000007bf880000,0x00000007bfa6dec0,0x00000007c0000000)
  to   space 7680K, 0% used [0x00000007bf080000,0x00000007bf080000,0x00000007bf800000)
 ParOldGen       total 359936K, used 192003K [0x0000000700000000, 0x0000000715f80000, 0x00000007bc400000)
  object space 359936K, 53% used [0x0000000700000000,0x000000070bb80e50,0x0000000715f80000)
 Metaspace       used 78562K, capacity 78992K, committed 79616K, reserved 1118208K
  class space    used 11327K, capacity 11434K, committed 11520K, reserved 1048576K
Event: 98495.527 GC heap after
Heap after GC invocations=1118 (full 45):
 PSYoungGen      total 53248K, used 1579K [0x00000007bc400000, 0x00000007c0000000, 0x00000007c0000000)
  eden space 45568K, 0% used [0x00000007bc400000,0x00000007bc400000,0x00000007bf080000)
  from space 7680K, 20% used [0x00000007bf080000,0x00000007bf20ad60,0x00000007bf800000)
  to   space 7680K, 0% used [0x00000007bf880000,0x00000007bf880000,0x00000007c0000000)
 ParOldGen       total 359936K, used 192398K [0x0000000700000000, 0x0000000715f80000, 0x00000007bc400000)
  object space 359936K, 53% used [0x0000000700000000,0x000000070bbe3a28,0x0000000715f80000)
 Metaspace       used 78562K, capacity 78992K, committed 79616K, reserved 1118208K
  class space    used 11327K, capacity 11434K, committed 11520K, reserved 1048576K
}
Event: 98497.352 GC heap before
{Heap before GC invocations=1119 (full 45):
 PSYoungGen      total 53248K, used 47147K [0x00000007bc400000, 0x00000007c0000000, 0x00000007c0000000)
  eden space 45568K, 100% used [0x00000007bc400000,0x00000007bf080000,0x00000007bf080000)
  from space 7680K, 20% used [0x00000007bf080000,0x00000007bf20ad60,0x00000007bf800000)
  to   space 7680K, 0% used [0x00000007bf880000,0x00000007bf880000,0x00000007c0000000)
 ParOldGen       total 359936K, used 192398K [0x0000000700000000, 0x0000000715f80000, 0x00000007bc400000)
  object space 359936K, 53% used [0x0000000700000000,0x000000070bbe3a28,0x0000000715f80000)
 Metaspace       used 78563K, capacity 78992K, committed 79616K, reserved 1118208K
  class space    used 11327K, capacity 11434K, committed 11520K, reserved 1048576K
Event: 98497.358 GC heap after
Heap after GC invocations=1119 (full 45):
 PSYoungGen      total 53248K, used 1598K [0x00000007bc400000, 0x00000007c0000000, 0x00000007c0000000)
  eden space 45568K, 0% used [0x00000007bc400000,0x00000007bc400000,0x00000007bf080000)
  from space 7680K, 20% used [0x00000007bf880000,0x00000007bfa0f830,0x00000007c0000000)
  to   space 7680K, 0% used [0x00000007bf080000,0x00000007bf080000,0x00000007bf800000)
 ParOldGen       total 359936K, used 192499K [0x0000000700000000, 0x0000000715f80000, 0x00000007bc400000)
  object space 359936K, 53% used [0x0000000700000000,0x000000070bbfcf58,0x0000000715f80000)
 Metaspace       used 78563K, capacity 78992K, committed 79616K, reserved 1118208K
  class space    used 11327K, capacity 11434K, committed 11520K, reserved 1048576K
}
Event: 98498.636 GC heap before
{Heap before GC invocations=1120 (full 45):
 PSYoungGen      total 53248K, used 47166K [0x00000007bc400000, 0x00000007c0000000, 0x00000007c0000000)
  eden space 45568K, 100% used [0x00000007bc400000,0x00000007bf080000,0x00000007bf080000)
  from space 7680K, 20% used [0x00000007bf880000,0x00000007bfa0f830,0x00000007c0000000)
  to   space 7680K, 0% used [0x00000007bf080000,0x00000007bf080000,0x00000007bf800000)
 ParOldGen       total 359936K, used 192499K [0x0000000700000000, 0x0000000715f80000, 0x00000007bc400000)
  object space 359936K, 53% used [0x0000000700000000,0x000000070bbfcf58,0x0000000715f80000)
 Metaspace       used 78563K, capacity 78992K, committed 79616K, reserved 1118208K
  class space    used 11327K, capacity 11434K, committed 11520K, reserved 1048576K
Event: 98498.642 GC heap after
Heap after GC invocations=1120 (full 45):
 PSYoungGen      total 53248K, used 1534K [0x00000007bc400000, 0x00000007c0000000, 0x00000007c0000000)
  eden space 45568K, 0% used [0x00000007bc400000,0x00000007bc400000,0x00000007bf080000)
  from space 7680K, 19% used [0x00000007bf080000,0x00000007bf1ff830,0x00000007bf800000)
  to   space 7680K, 0% used [0x00000007bf880000,0x00000007bf880000,0x00000007c0000000)
 ParOldGen       total 359936K, used 192547K [0x0000000700000000, 0x0000000715f80000, 0x00000007bc400000)
  object space 359936K, 53% used [0x0000000700000000,0x000000070bc08f58,0x0000000715f80000)
 Metaspace       used 78563K, capacity 78992K, committed 79616K, reserved 1118208K
  class space    used 11327K, capacity 11434K, committed 11520K, reserved 1048576K
}
Event: 98504.162 GC heap before
{Heap before GC invocations=1121 (full 45):
 PSYoungGen      total 53248K, used 47102K [0x00000007bc400000, 0x00000007c0000000, 0x00000007c0000000)
  eden space 45568K, 100% used [0x00000007bc400000,0x00000007bf080000,0x00000007bf080000)
  from space 7680K, 19% used [0x00000007bf080000,0x00000007bf1ff830,0x00000007bf800000)
  to   space 7680K, 0% used [0x00000007bf880000,0x00000007bf880000,0x00000007c0000000)
 ParOldGen       total 359936K, used 192547K [0x0000000700000000, 0x0000000715f80000, 0x00000007bc400000)
  object space 359936K, 53% used [0x0000000700000000,0x000000070bc08f58,0x0000000715f80000)
 Metaspace       used 78576K, capacity 79056K, committed 79616K, reserved 1118208K
  class space    used 11329K, capacity 11434K, committed 11520K, reserved 1048576K
Event: 98504.170 GC heap after
Heap after GC invocations=1121 (full 45):
 PSYoungGen      total 53248K, used 1854K [0x00000007bc400000, 0x00000007c0000000, 0x00000007c0000000)
  eden space 45568K, 0% used [0x00000007bc400000,0x00000007bc400000,0x00000007bf080000)
  from space 7680K, 24% used [0x00000007bf880000,0x00000007bfa4f830,0x00000007c0000000)
  to   space 7680K, 0% used [0x00000007bf080000,0x00000007bf080000,0x00000007bf800000)
 ParOldGen       total 359936K, used 192555K [0x0000000700000000, 0x0000000715f80000, 0x00000007bc400000)
  object space 359936K, 53% used [0x0000000700000000,0x000000070bc0af58,0x0000000715f80000)
 Metaspace       used 78576K, capacity 79056K, committed 79616K, reserved 1118208K
  class space    used 11329K, capacity 11434K, committed 11520K, reserved 1048576K
}

